<?xml version="1.0" encoding="UTF-8"?>
<testng-results skipped="0" failed="0" ignored="0" total="1" passed="1">
  <reporter-output>
  </reporter-output>
  <suite name="Default suite" duration-ms="13480" started-at="2018-06-14T05:57:56Z" finished-at="2018-06-14T05:58:10Z">
    <groups>
    </groups>
    <test name="Default test" duration-ms="13480" started-at="2018-06-14T05:57:56Z" finished-at="2018-06-14T05:58:10Z">
      <class name="allcodes.simple">
        <test-method status="PASS" signature="pa1()[pri:0, instance:allcodes.simple@687080dc]" name="pa1" duration-ms="13446" started-at="2018-06-14T05:57:56Z" finished-at="2018-06-14T05:58:10Z">
          <reporter-output>
          </reporter-output>
        </test-method> <!-- pa1 -->
      </class> <!-- allcodes.simple -->
    </test> <!-- Default test -->
  </suite> <!-- Default suite -->
</testng-results>
